#-----------------------------------------------------------
# Vivado v2016.4 (64-bit)
# SW Build 1756540 on Mon Jan 23 19:11:23 MST 2017
# IP Build 1755317 on Mon Jan 23 20:30:07 MST 2017
# Start of session at: Mon May 15 14:48:24 2017
# Process ID: 4732
# Current directory: E:/Download/Sem II/AC - Arhitectura calculatoarelor/laboratoare/lab9/mips
# Command line: vivado.exe -gui_launcher_event rodinguilauncherevent4040 E:\Download\Sem II\AC - Arhitectura calculatoarelor\laboratoare\lab9\mips\mips.xpr
# Log file: E:/Download/Sem II/AC - Arhitectura calculatoarelor/laboratoare/lab9/mips/vivado.log
# Journal file: E:/Download/Sem II/AC - Arhitectura calculatoarelor/laboratoare/lab9/mips\vivado.jou
#-----------------------------------------------------------
start_gui
open_project {E:/Download/Sem II/AC - Arhitectura calculatoarelor/laboratoare/lab9/mips/mips.xpr}
Scanning sources...
Finished scanning sources
INFO: [IP_Flow 19-234] Refreshing IP repositories
INFO: [IP_Flow 19-1704] No user IP repositories specified
INFO: [IP_Flow 19-2313] Loaded Vivado IP repository 'E:/Xilinx/Vivado_2016.4/Vivado/2016.4/data/ip'.
open_project: Time (s): cpu = 00:00:15 ; elapsed = 00:00:20 . Memory (MB): peak = 752.766 ; gain = 93.504
elaunch_runs impl_1 -to_step write_bitstream -jobs 2
[Mon May 15 14:49:36 2017] Launched impl_1...
Run output will be captured here: E:/Download/Sem II/AC - Arhitectura calculatoarelor/laboratoare/lab9/mips/mips.runs/impl_1/runme.log
launch_runs: Time (s): cpu = 00:00:00 ; elapsed = 00:00:07 . Memory (MB): peak = 731.699 ; gain = 0.000
open_hw
INFO: [Labtools 27-2285] Connecting to hw_server url TCP:localhost:3121
INFO: [Labtools 27-2222] Launching hw_server...
INFO: [Labtools 27-2221] Launch Output:

****** Xilinx hw_server v2016.4
  **** Build date : Jan 23 2017-19:37:29
    ** Copyright 1986-2016 Xilinx, Inc. All Rights Reserved.


connect_hw_server: Time (s): cpu = 00:00:00 ; elapsed = 00:00:10 . Memory (MB): peak = 758.844 ; gain = 0.000
disconnect_hw_server localhost:3121
connect_hw_server -url localhost:3121
INFO: [Labtools 27-2285] Connecting to hw_server url TCP:localhost:3121
current_hw_target [get_hw_targets */xilinx_tcf/Digilent/210183A389C1A]
set_property PARAM.FREQUENCY 15000000 [get_hw_targets */xilinx_tcf/Digilent/210183A389C1A]
open_hw_target
INFO: [Labtoolstcl 44-466] Opening hw_target localhost:3121/xilinx_tcf/Digilent/210183A389C1A
set_property PROGRAM.FILE {E:/Download/Sem II/AC - Arhitectura calculatoarelor/laboratoare/lab9/mips/mips.runs/impl_1/test_env.bit} [lindex [get_hw_devices xc7a35t_0] 0]
current_hw_device [lindex [get_hw_devices xc7a35t_0] 0]
refresh_hw_device -update_hw_probes false [lindex [get_hw_devices xc7a35t_0] 0]
INFO: [Labtools 27-1434] Device xc7a35t (JTAG device index = 0) is programmed with a design that has no supported debug core(s) in it.
WARNING: [Labtools 27-3123] The debug hub core was not detected at User Scan Chain 1 or 3.
Resolution: 
1. Make sure the clock connected to the debug hub (dbg_hub) core is a free running clock and is active OR
2. Manually launch hw_server with -e "set xsdb-user-bscan <C_USER_SCAN_CHAIN scan_chain_number>" to detect the debug hub at User Scan Chain of 2 or 4. To determine the user scan chain setting, open the implemented design and use: get_property C_USER_SCAN_CHAIN [get_debug_cores dbg_hub].
set_property PROBES.FILE {} [lindex [get_hw_devices xc7a35t_0] 0]
set_property PROGRAM.FILE {E:/Download/Sem II/AC - Arhitectura calculatoarelor/laboratoare/lab9/mips/mips.runs/impl_1/test_env.bit} [lindex [get_hw_devices xc7a35t_0] 0]
program_hw_devices [lindex [get_hw_devices xc7a35t_0] 0]
INFO: [Labtools 27-3164] End of startup status: HIGH
refresh_hw_device [lindex [get_hw_devices xc7a35t_0] 0]
INFO: [Labtools 27-1434] Device xc7a35t (JTAG device index = 0) is programmed with a design that has no supported debug core(s) in it.
WARNING: [Labtools 27-3123] The debug hub core was not detected at User Scan Chain 1 or 3.
Resolution: 
1. Make sure the clock connected to the debug hub (dbg_hub) core is a free running clock and is active OR
2. Manually launch hw_server with -e "set xsdb-user-bscan <C_USER_SCAN_CHAIN scan_chain_number>" to detect the debug hub at User Scan Chain of 2 or 4. To determine the user scan chain setting, open the implemented design and use: get_property C_USER_SCAN_CHAIN [get_debug_cores dbg_hub].
WARNING: [Labtoolstcl 44-130] No matching hw_ilas were found.
WARNING: [Labtoolstcl 44-130] No matching hw_ilas were found.
WARNING: [Labtoolstcl 44-130] No matching hw_ilas were found.
WARNING: [Labtoolstcl 44-130] No matching hw_ilas were found.
reset_run synth_1
launch_runs impl_1 -to_step write_bitstream -jobs 2
[Mon May 15 14:56:01 2017] Launched synth_1...
Run output will be captured here: E:/Download/Sem II/AC - Arhitectura calculatoarelor/laboratoare/lab9/mips/mips.runs/synth_1/runme.log
[Mon May 15 14:56:01 2017] Launched impl_1...
Run output will be captured here: E:/Download/Sem II/AC - Arhitectura calculatoarelor/laboratoare/lab9/mips/mips.runs/impl_1/runme.log
set_property PROBES.FILE {} [lindex [get_hw_devices xc7a35t_0] 0]
set_property PROGRAM.FILE {E:/Download/Sem II/AC - Arhitectura calculatoarelor/laboratoare/lab9/mips/mips.runs/impl_1/test_env.bit} [lindex [get_hw_devices xc7a35t_0] 0]
program_hw_devices [lindex [get_hw_devices xc7a35t_0] 0]
INFO: [Labtools 27-3164] End of startup status: HIGH
refresh_hw_device [lindex [get_hw_devices xc7a35t_0] 0]
INFO: [Labtools 27-1434] Device xc7a35t (JTAG device index = 0) is programmed with a design that has no supported debug core(s) in it.
WARNING: [Labtools 27-3123] The debug hub core was not detected at User Scan Chain 1 or 3.
Resolution: 
1. Make sure the clock connected to the debug hub (dbg_hub) core is a free running clock and is active OR
2. Manually launch hw_server with -e "set xsdb-user-bscan <C_USER_SCAN_CHAIN scan_chain_number>" to detect the debug hub at User Scan Chain of 2 or 4. To determine the user scan chain setting, open the implemented design and use: get_property C_USER_SCAN_CHAIN [get_debug_cores dbg_hub].
WARNING: [Labtoolstcl 44-130] No matching hw_ilas were found.
WARNING: [Labtoolstcl 44-130] No matching hw_ilas were found.
WARNING: [Labtoolstcl 44-130] No matching hw_ilas were found.
WARNING: [Labtoolstcl 44-130] No matching hw_ilas were found.
reset_run synth_1
launch_runs impl_1 -to_step write_bitstream -jobs 2
[Mon May 15 15:04:27 2017] Launched synth_1...
Run output will be captured here: E:/Download/Sem II/AC - Arhitectura calculatoarelor/laboratoare/lab9/mips/mips.runs/synth_1/runme.log
[Mon May 15 15:04:27 2017] Launched impl_1...
Run output will be captured here: E:/Download/Sem II/AC - Arhitectura calculatoarelor/laboratoare/lab9/mips/mips.runs/impl_1/runme.log
reset_run synth_1
launch_runs impl_1 -to_step write_bitstream -jobs 2
[Mon May 15 15:08:15 2017] Launched synth_1...
Run output will be captured here: E:/Download/Sem II/AC - Arhitectura calculatoarelor/laboratoare/lab9/mips/mips.runs/synth_1/runme.log
[Mon May 15 15:08:15 2017] Launched impl_1...
Run output will be captured here: E:/Download/Sem II/AC - Arhitectura calculatoarelor/laboratoare/lab9/mips/mips.runs/impl_1/runme.log
set_property PROBES.FILE {} [lindex [get_hw_devices xc7a35t_0] 0]
set_property PROGRAM.FILE {E:/Download/Sem II/AC - Arhitectura calculatoarelor/laboratoare/lab9/mips/mips.runs/impl_1/test_env.bit} [lindex [get_hw_devices xc7a35t_0] 0]
program_hw_devices [lindex [get_hw_devices xc7a35t_0] 0]
INFO: [Labtools 27-3164] End of startup status: HIGH
refresh_hw_device [lindex [get_hw_devices xc7a35t_0] 0]
INFO: [Labtools 27-1434] Device xc7a35t (JTAG device index = 0) is programmed with a design that has no supported debug core(s) in it.
WARNING: [Labtools 27-3123] The debug hub core was not detected at User Scan Chain 1 or 3.
Resolution: 
1. Make sure the clock connected to the debug hub (dbg_hub) core is a free running clock and is active OR
2. Manually launch hw_server with -e "set xsdb-user-bscan <C_USER_SCAN_CHAIN scan_chain_number>" to detect the debug hub at User Scan Chain of 2 or 4. To determine the user scan chain setting, open the implemented design and use: get_property C_USER_SCAN_CHAIN [get_debug_cores dbg_hub].
WARNING: [Labtoolstcl 44-130] No matching hw_ilas were found.
WARNING: [Labtoolstcl 44-130] No matching hw_ilas were found.
WARNING: [Labtoolstcl 44-130] No matching hw_ilas were found.
WARNING: [Labtoolstcl 44-130] No matching hw_ilas were found.
set_property PROBES.FILE {} [lindex [get_hw_devices xc7a35t_0] 0]
set_property PROGRAM.FILE {E:/Download/Sem II/AC - Arhitectura calculatoarelor/laboratoare/lab9/mips/mips.runs/impl_1/test_env.bit} [lindex [get_hw_devices xc7a35t_0] 0]
program_hw_devices [lindex [get_hw_devices xc7a35t_0] 0]
INFO: [Labtools 27-3164] End of startup status: HIGH
refresh_hw_device [lindex [get_hw_devices xc7a35t_0] 0]
INFO: [Labtools 27-1434] Device xc7a35t (JTAG device index = 0) is programmed with a design that has no supported debug core(s) in it.
WARNING: [Labtools 27-3123] The debug hub core was not detected at User Scan Chain 1 or 3.
Resolution: 
1. Make sure the clock connected to the debug hub (dbg_hub) core is a free running clock and is active OR
2. Manually launch hw_server with -e "set xsdb-user-bscan <C_USER_SCAN_CHAIN scan_chain_number>" to detect the debug hub at User Scan Chain of 2 or 4. To determine the user scan chain setting, open the implemented design and use: get_property C_USER_SCAN_CHAIN [get_debug_cores dbg_hub].
WARNING: [Labtoolstcl 44-130] No matching hw_ilas were found.
WARNING: [Labtoolstcl 44-130] No matching hw_ilas were found.
WARNING: [Labtoolstcl 44-130] No matching hw_ilas were found.
WARNING: [Labtoolstcl 44-130] No matching hw_ilas were found.
set_property PROBES.FILE {} [lindex [get_hw_devices xc7a35t_0] 0]
set_property PROGRAM.FILE {E:/Download/Sem II/AC - Arhitectura calculatoarelor/laboratoare/lab9/mips/mips.runs/impl_1/test_env.bit} [lindex [get_hw_devices xc7a35t_0] 0]
program_hw_devices [lindex [get_hw_devices xc7a35t_0] 0]
INFO: [Labtools 27-3164] End of startup status: HIGH
refresh_hw_device [lindex [get_hw_devices xc7a35t_0] 0]
INFO: [Labtools 27-1434] Device xc7a35t (JTAG device index = 0) is programmed with a design that has no supported debug core(s) in it.
WARNING: [Labtools 27-3123] The debug hub core was not detected at User Scan Chain 1 or 3.
Resolution: 
1. Make sure the clock connected to the debug hub (dbg_hub) core is a free running clock and is active OR
2. Manually launch hw_server with -e "set xsdb-user-bscan <C_USER_SCAN_CHAIN scan_chain_number>" to detect the debug hub at User Scan Chain of 2 or 4. To determine the user scan chain setting, open the implemented design and use: get_property C_USER_SCAN_CHAIN [get_debug_cores dbg_hub].
WARNING: [Labtoolstcl 44-130] No matching hw_ilas were found.
WARNING: [Labtoolstcl 44-130] No matching hw_ilas were found.
WARNING: [Labtoolstcl 44-130] No matching hw_ilas were found.
WARNING: [Labtoolstcl 44-130] No matching hw_ilas were found.
set_property PROBES.FILE {} [lindex [get_hw_devices xc7a35t_0] 0]
set_property PROGRAM.FILE {E:/Download/Sem II/AC - Arhitectura calculatoarelor/laboratoare/lab9/mips/mips.runs/impl_1/test_env.bit} [lindex [get_hw_devices xc7a35t_0] 0]
program_hw_devices [lindex [get_hw_devices xc7a35t_0] 0]
INFO: [Labtools 27-3164] End of startup status: HIGH
refresh_hw_device [lindex [get_hw_devices xc7a35t_0] 0]
INFO: [Labtools 27-1434] Device xc7a35t (JTAG device index = 0) is programmed with a design that has no supported debug core(s) in it.
WARNING: [Labtools 27-3123] The debug hub core was not detected at User Scan Chain 1 or 3.
Resolution: 
1. Make sure the clock connected to the debug hub (dbg_hub) core is a free running clock and is active OR
2. Manually launch hw_server with -e "set xsdb-user-bscan <C_USER_SCAN_CHAIN scan_chain_number>" to detect the debug hub at User Scan Chain of 2 or 4. To determine the user scan chain setting, open the implemented design and use: get_property C_USER_SCAN_CHAIN [get_debug_cores dbg_hub].
WARNING: [Labtoolstcl 44-130] No matching hw_ilas were found.
WARNING: [Labtoolstcl 44-130] No matching hw_ilas were found.
WARNING: [Labtoolstcl 44-130] No matching hw_ilas were found.
WARNING: [Labtoolstcl 44-130] No matching hw_ilas were found.
reset_run synth_1
launch_runs impl_1 -to_step write_bitstream -jobs 2
[Mon May 15 15:30:50 2017] Launched synth_1...
Run output will be captured here: E:/Download/Sem II/AC - Arhitectura calculatoarelor/laboratoare/lab9/mips/mips.runs/synth_1/runme.log
[Mon May 15 15:30:50 2017] Launched impl_1...
Run output will be captured here: E:/Download/Sem II/AC - Arhitectura calculatoarelor/laboratoare/lab9/mips/mips.runs/impl_1/runme.log
set_property PROBES.FILE {} [lindex [get_hw_devices xc7a35t_0] 0]
set_property PROGRAM.FILE {E:/Download/Sem II/AC - Arhitectura calculatoarelor/laboratoare/lab9/mips/mips.runs/impl_1/test_env.bit} [lindex [get_hw_devices xc7a35t_0] 0]
program_hw_devices [lindex [get_hw_devices xc7a35t_0] 0]
INFO: [Labtools 27-3164] End of startup status: HIGH
refresh_hw_device [lindex [get_hw_devices xc7a35t_0] 0]
INFO: [Labtools 27-1434] Device xc7a35t (JTAG device index = 0) is programmed with a design that has no supported debug core(s) in it.
WARNING: [Labtools 27-3123] The debug hub core was not detected at User Scan Chain 1 or 3.
Resolution: 
1. Make sure the clock connected to the debug hub (dbg_hub) core is a free running clock and is active OR
2. Manually launch hw_server with -e "set xsdb-user-bscan <C_USER_SCAN_CHAIN scan_chain_number>" to detect the debug hub at User Scan Chain of 2 or 4. To determine the user scan chain setting, open the implemented design and use: get_property C_USER_SCAN_CHAIN [get_debug_cores dbg_hub].
WARNING: [Labtoolstcl 44-130] No matching hw_ilas were found.
WARNING: [Labtoolstcl 44-130] No matching hw_ilas were found.
WARNING: [Labtoolstcl 44-130] No matching hw_ilas were found.
WARNING: [Labtoolstcl 44-130] No matching hw_ilas were found.
reset_run synth_1
launch_runs impl_1 -to_step write_bitstream -jobs 2
[Mon May 15 15:36:29 2017] Launched synth_1...
Run output will be captured here: E:/Download/Sem II/AC - Arhitectura calculatoarelor/laboratoare/lab9/mips/mips.runs/synth_1/runme.log
[Mon May 15 15:36:29 2017] Launched impl_1...
Run output will be captured here: E:/Download/Sem II/AC - Arhitectura calculatoarelor/laboratoare/lab9/mips/mips.runs/impl_1/runme.log
ERROR: [Labtools 27-2269] No devices detected on target localhost:3121/xilinx_tcf/Digilent/210183A389C1A.
Check cable connectivity and that the target board is powered up then
use the disconnect_hw_server and connect_hw_server to re-register this hardware target.
ERROR: [Labtoolstcl 44-513] HW Target shutdown. Closing target: localhost:3121/xilinx_tcf/Digilent/210183A389C1A
exit
INFO: [Common 17-206] Exiting Vivado at Mon May 15 15:39:50 2017...
