#-----------------------------------------------------------
# Vivado v2016.4 (64-bit)
# SW Build 1756540 on Mon Jan 23 19:11:23 MST 2017
# IP Build 1755317 on Mon Jan 23 20:30:07 MST 2017
# Start of session at: Sat May 13 19:39:28 2017
# Process ID: 4456
# Current directory: E:/Download/Sem II/AC - Arhitectura calculatoarelor/laboratoare/lab9/mips
# Command line: vivado.exe -gui_launcher_event rodinguilauncherevent10852 E:\Download\Sem II\AC - Arhitectura calculatoarelor\laboratoare\lab9\mips\mips.xpr
# Log file: E:/Download/Sem II/AC - Arhitectura calculatoarelor/laboratoare/lab9/mips/vivado.log
# Journal file: E:/Download/Sem II/AC - Arhitectura calculatoarelor/laboratoare/lab9/mips\vivado.jou
#-----------------------------------------------------------
start_gui
open_project {E:/Download/Sem II/AC - Arhitectura calculatoarelor/laboratoare/lab9/mips/mips.xpr}
Scanning sources...
Finished scanning sources
INFO: [IP_Flow 19-234] Refreshing IP repositories
INFO: [IP_Flow 19-1704] No user IP repositories specified
INFO: [IP_Flow 19-2313] Loaded Vivado IP repository 'E:/Xilinx/Vivado_2016.4/Vivado/2016.4/data/ip'.
open_project: Time (s): cpu = 00:00:15 ; elapsed = 00:00:22 . Memory (MB): peak = 686.512 ; gain = 91.484
reset_run synth_1
launch_runs impl_1 -to_step write_bitstream -jobs 2
[Sat May 13 19:44:49 2017] Launched synth_1...
Run output will be captured here: E:/Download/Sem II/AC - Arhitectura calculatoarelor/laboratoare/lab9/mips/mips.runs/synth_1/runme.log
[Sat May 13 19:44:49 2017] Launched impl_1...
Run output will be captured here: E:/Download/Sem II/AC - Arhitectura calculatoarelor/laboratoare/lab9/mips/mips.runs/impl_1/runme.log
launch_runs: Time (s): cpu = 00:00:02 ; elapsed = 00:00:14 . Memory (MB): peak = 727.215 ; gain = 0.625
reset_run synth_1
launch_runs impl_1 -to_step write_bitstream -jobs 2
[Sat May 13 19:53:42 2017] Launched synth_1...
Run output will be captured here: E:/Download/Sem II/AC - Arhitectura calculatoarelor/laboratoare/lab9/mips/mips.runs/synth_1/runme.log
[Sat May 13 19:53:42 2017] Launched impl_1...
Run output will be captured here: E:/Download/Sem II/AC - Arhitectura calculatoarelor/laboratoare/lab9/mips/mips.runs/impl_1/runme.log
exit
INFO: [Common 17-206] Exiting Vivado at Sat May 13 19:58:20 2017...
