#-----------------------------------------------------------
# Vivado v2016.4 (64-bit)
# SW Build 1756540 on Mon Jan 23 19:11:23 MST 2017
# IP Build 1755317 on Mon Jan 23 20:30:07 MST 2017
# Start of session at: Fri May 12 12:27:20 2017
# Process ID: 5688
# Current directory: E:/Download/Sem II/AC - Arhitectura calculatoarelor/laboratoare/lab9/mips
# Command line: vivado.exe -gui_launcher_event rodinguilauncherevent8732 E:\Download\Sem II\AC - Arhitectura calculatoarelor\laboratoare\lab9\mips\mips.xpr
# Log file: E:/Download/Sem II/AC - Arhitectura calculatoarelor/laboratoare/lab9/mips/vivado.log
# Journal file: E:/Download/Sem II/AC - Arhitectura calculatoarelor/laboratoare/lab9/mips\vivado.jou
#-----------------------------------------------------------
start_gui
open_project {E:/Download/Sem II/AC - Arhitectura calculatoarelor/laboratoare/lab9/mips/mips.xpr}
Scanning sources...
Finished scanning sources
INFO: [IP_Flow 19-234] Refreshing IP repositories
INFO: [IP_Flow 19-1704] No user IP repositories specified
INFO: [IP_Flow 19-2313] Loaded Vivado IP repository 'E:/Xilinx/Vivado_2016.4/Vivado/2016.4/data/ip'.
open_project: Time (s): cpu = 00:00:15 ; elapsed = 00:00:08 . Memory (MB): peak = 823.691 ; gain = 168.902
exit
INFO: [Common 17-206] Exiting Vivado at Fri May 12 12:27:53 2017...
