#-----------------------------------------------------------
# Vivado v2016.4 (64-bit)
# SW Build 1756540 on Mon Jan 23 19:11:23 MST 2017
# IP Build 1755317 on Mon Jan 23 20:30:07 MST 2017
# Start of session at: Sun May 14 21:53:52 2017
# Process ID: 2824
# Current directory: E:/Download/Sem II/AC - Arhitectura calculatoarelor/laboratoare/lab9/mips
# Command line: vivado.exe -gui_launcher_event rodinguilauncherevent7808 E:\Download\Sem II\AC - Arhitectura calculatoarelor\laboratoare\lab9\mips\mips.xpr
# Log file: E:/Download/Sem II/AC - Arhitectura calculatoarelor/laboratoare/lab9/mips/vivado.log
# Journal file: E:/Download/Sem II/AC - Arhitectura calculatoarelor/laboratoare/lab9/mips\vivado.jou
#-----------------------------------------------------------
start_gui
open_project {E:/Download/Sem II/AC - Arhitectura calculatoarelor/laboratoare/lab9/mips/mips.xpr}
Scanning sources...
Finished scanning sources
INFO: [IP_Flow 19-234] Refreshing IP repositories
INFO: [IP_Flow 19-1704] No user IP repositories specified
INFO: [IP_Flow 19-2313] Loaded Vivado IP repository 'E:/Xilinx/Vivado_2016.4/Vivado/2016.4/data/ip'.
open_project: Time (s): cpu = 00:00:22 ; elapsed = 00:00:23 . Memory (MB): peak = 735.609 ; gain = 136.262
reset_run synth_1
launch_runs impl_1 -to_step write_bitstream -jobs 2
[Sun May 14 22:35:18 2017] Launched synth_1...
Run output will be captured here: E:/Download/Sem II/AC - Arhitectura calculatoarelor/laboratoare/lab9/mips/mips.runs/synth_1/runme.log
[Sun May 14 22:35:18 2017] Launched impl_1...
Run output will be captured here: E:/Download/Sem II/AC - Arhitectura calculatoarelor/laboratoare/lab9/mips/mips.runs/impl_1/runme.log
launch_runs: Time (s): cpu = 00:00:01 ; elapsed = 00:00:06 . Memory (MB): peak = 765.711 ; gain = 0.000
exit
INFO: [Common 17-206] Exiting Vivado at Sun May 14 22:39:07 2017...
