#-----------------------------------------------------------
# Vivado v2016.4 (64-bit)
# SW Build 1756540 on Mon Jan 23 19:11:23 MST 2017
# IP Build 1755317 on Mon Jan 23 20:30:07 MST 2017
# Start of session at: Tue Jul 25 21:18:01 2017
# Process ID: 4892
# Current directory: E:/School/Proiecte M/Facultate/An II/Sem II/AC - Arhitectura calculatoarelor/laboratoare/lab9/mips
# Command line: vivado.exe -gui_launcher_event rodinguilauncherevent4172 E:\School\Proiecte M\Facultate\An II\Sem II\AC - Arhitectura calculatoarelor\laboratoare\lab9\mips\mips.xpr
# Log file: E:/School/Proiecte M/Facultate/An II/Sem II/AC - Arhitectura calculatoarelor/laboratoare/lab9/mips/vivado.log
# Journal file: E:/School/Proiecte M/Facultate/An II/Sem II/AC - Arhitectura calculatoarelor/laboratoare/lab9/mips\vivado.jou
#-----------------------------------------------------------
start_gui
open_project {E:/School/Proiecte M/Facultate/An II/Sem II/AC - Arhitectura calculatoarelor/laboratoare/lab9/mips/mips.xpr}
INFO: [ProjectBase 1-489] The host OS only allows 260 characters in a normal path. The project is stored in a path with more than 80 characters. If you experience issues with IP, Block Designs, or files not being found, please consider moving the project to a location with a shorter path. Alternately consider using the OS subst command to map part of the path to a drive letter.
Current project path is 'E:/School/Proiecte M/Facultate/An II/Sem II/AC - Arhitectura calculatoarelor/laboratoare/lab9/mips'
INFO: [Project 1-313] Project file moved from 'E:/Download/Sem II/AC - Arhitectura calculatoarelor/laboratoare/lab9/mips' since last save.
Scanning sources...
Finished scanning sources
INFO: [IP_Flow 19-234] Refreshing IP repositories
INFO: [IP_Flow 19-1704] No user IP repositories specified
INFO: [IP_Flow 19-2313] Loaded Vivado IP repository 'E:/Xilinx/Vivado_2016.4/Vivado/2016.4/data/ip'.
open_project: Time (s): cpu = 00:00:13 ; elapsed = 00:00:08 . Memory (MB): peak = 755.531 ; gain = 93.695
reset_run synth_1
launch_runs impl_1 -to_step write_bitstream -jobs 2
[Tue Jul 25 21:25:26 2017] Launched synth_1...
Run output will be captured here: E:/School/Proiecte M/Facultate/An II/Sem II/AC - Arhitectura calculatoarelor/laboratoare/lab9/mips/mips.runs/synth_1/runme.log
[Tue Jul 25 21:25:26 2017] Launched impl_1...
Run output will be captured here: E:/School/Proiecte M/Facultate/An II/Sem II/AC - Arhitectura calculatoarelor/laboratoare/lab9/mips/mips.runs/impl_1/runme.log
exit
INFO: [Common 17-206] Exiting Vivado at Tue Jul 25 21:29:17 2017...
