#-----------------------------------------------------------
# Vivado v2016.4 (64-bit)
# SW Build 1756540 on Mon Jan 23 19:11:23 MST 2017
# IP Build 1755317 on Mon Jan 23 20:30:07 MST 2017
# Start of session at: Sun Apr 23 17:28:19 2017
# Process ID: 8212
# Current directory: E:/Download/Sem II/AC - Arhitectura calculatoarelor/laboratoare/lab8/mips
# Command line: vivado.exe -gui_launcher_event rodinguilauncherevent2528 E:\Download\Sem II\AC - Arhitectura calculatoarelor\laboratoare\lab8\mips\mips.xpr
# Log file: E:/Download/Sem II/AC - Arhitectura calculatoarelor/laboratoare/lab8/mips/vivado.log
# Journal file: E:/Download/Sem II/AC - Arhitectura calculatoarelor/laboratoare/lab8/mips\vivado.jou
#-----------------------------------------------------------
start_gui
open_project {E:/Download/Sem II/AC - Arhitectura calculatoarelor/laboratoare/lab8/mips/mips.xpr}
Scanning sources...
Finished scanning sources
INFO: [IP_Flow 19-234] Refreshing IP repositories
INFO: [IP_Flow 19-1704] No user IP repositories specified
INFO: [IP_Flow 19-2313] Loaded Vivado IP repository 'E:/Xilinx/Vivado_2016.4/Vivado/2016.4/data/ip'.
open_project: Time (s): cpu = 00:00:15 ; elapsed = 00:00:07 . Memory (MB): peak = 763.281 ; gain = 108.324
reset_run impl_1 -prev_step 
launch_runs impl_1 -to_step write_bitstream -jobs 2
[Sun Apr 23 17:28:53 2017] Launched impl_1...
Run output will be captured here: E:/Download/Sem II/AC - Arhitectura calculatoarelor/laboratoare/lab8/mips/mips.runs/impl_1/runme.log
open_run impl_1
INFO: [Netlist 29-17] Analyzing 48 Unisim elements for replacement
INFO: [Netlist 29-28] Unisim Transformation completed in 0 CPU seconds
INFO: [Project 1-479] Netlist was created with Vivado 2016.4
INFO: [Device 21-403] Loading part xc7a35tcpg236-1
INFO: [Project 1-570] Preparing netlist for logic optimization
Parsing XDC File [E:/Download/Sem II/AC - Arhitectura calculatoarelor/laboratoare/lab8/mips/.Xil/Vivado-8212-DESKTOP-NBTEJI2/dcp/test_env.xdc]
Finished Parsing XDC File [E:/Download/Sem II/AC - Arhitectura calculatoarelor/laboratoare/lab8/mips/.Xil/Vivado-8212-DESKTOP-NBTEJI2/dcp/test_env.xdc]
Reading XDEF placement.
Reading placer database...
Reading XDEF routing.
Read XDEF File: Time (s): cpu = 00:00:00 ; elapsed = 00:00:00.266 . Memory (MB): peak = 975.852 ; gain = 0.125
Restored from archive | CPU: 0.000000 secs | Memory: 0.000000 MB |
Finished XDEF File Restore: Time (s): cpu = 00:00:00 ; elapsed = 00:00:00.280 . Memory (MB): peak = 975.852 ; gain = 0.125
INFO: [Project 1-111] Unisim Transformation Summary:
  A total of 22 instances were transformed.
  RAM256X1S => RAM256X1S (RAMS64E, RAMS64E, RAMS64E, RAMS64E, MUXF7, MUXF7, MUXF8): 16 instances
  RAM32M => RAM32M (RAMS32, RAMS32, RAMD32, RAMD32, RAMD32, RAMD32, RAMD32, RAMD32): 6 instances

open_run: Time (s): cpu = 00:00:22 ; elapsed = 00:00:22 . Memory (MB): peak = 1078.508 ; gain = 302.199
WARNING: [Timing 38-313] There are no user specified timing constraints. Timing constraints are needed for proper timing analysis.
exit
INFO: [Common 17-206] Exiting Vivado at Sun Apr 23 17:39:05 2017...
