#-----------------------------------------------------------
# Vivado v2016.4 (64-bit)
# SW Build 1756540 on Mon Jan 23 19:11:23 MST 2017
# IP Build 1755317 on Mon Jan 23 20:30:07 MST 2017
# Start of session at: Mon May 22 10:37:14 2017
# Process ID: 11696
# Current directory: E:/Download/Sem II/AC - Arhitectura calculatoarelor/laboratoare/lab8/mips
# Command line: vivado.exe -gui_launcher_event rodinguilauncherevent12264 E:\Download\Sem II\AC - Arhitectura calculatoarelor\laboratoare\lab8\mips\mips.xpr
# Log file: E:/Download/Sem II/AC - Arhitectura calculatoarelor/laboratoare/lab8/mips/vivado.log
# Journal file: E:/Download/Sem II/AC - Arhitectura calculatoarelor/laboratoare/lab8/mips\vivado.jou
#-----------------------------------------------------------
start_gui
open_project {E:/Download/Sem II/AC - Arhitectura calculatoarelor/laboratoare/lab8/mips/mips.xpr}
Scanning sources...
Finished scanning sources
INFO: [IP_Flow 19-234] Refreshing IP repositories
INFO: [IP_Flow 19-1704] No user IP repositories specified
INFO: [IP_Flow 19-2313] Loaded Vivado IP repository 'E:/Xilinx/Vivado_2016.4/Vivado/2016.4/data/ip'.
open_project: Time (s): cpu = 00:00:15 ; elapsed = 00:00:08 . Memory (MB): peak = 788.566 ; gain = 138.402
exit
INFO: [Common 17-206] Exiting Vivado at Mon May 22 10:38:57 2017...
