2017-04-08 11:17:45,919 [Worker-1] INFO  c.g.t.t.d.PublishedGradleVersions - Gradle version information cache is out-of-date. Trying to update.
2017-04-08 12:43:38,175 [Worker-0] INFO  o.e.m.c.i.p.ProjectConfigurationManager - Update started
2017-04-08 12:43:50,300 [Worker-0] INFO  o.e.m.c.i.l.LifecycleMappingFactory - Using org.eclipse.m2e.jdt.JarLifecycleMapping lifecycle mapping for MavenProject: ro.utcn.tp:layered-app:0.0.1-SNAPSHOT @ E:\Download\Sem II\TP - Tehnici de programare fundamentale\utcn_dsrl-pt-layered-architecture-fa3f32f80f9b\pom.xml.
2017-04-08 12:43:50,863 [Worker-0] INFO  o.e.m.c.i.e.AbstractTransferListenerAdapter - Downloading https://repo.maven.apache.org/maven2/mysql/mysql-connector-java/6.0.6/mysql-connector-java-6.0.6.pom
2017-04-08 12:43:50,960 [Worker-0] INFO  o.e.m.c.i.e.AbstractTransferListenerAdapter - Downloaded https://repo.maven.apache.org/maven2/mysql/mysql-connector-java/6.0.6/mysql-connector-java-6.0.6.pom
2017-04-08 12:43:51,015 [Worker-0] INFO  o.e.m.c.i.e.AbstractTransferListenerAdapter - Downloading https://repo.maven.apache.org/maven2/mysql/mysql-connector-java/6.0.6/mysql-connector-java-6.0.6.jar
2017-04-08 12:43:52,062 [Worker-0] INFO  o.e.m.c.i.e.AbstractTransferListenerAdapter - Downloaded https://repo.maven.apache.org/maven2/mysql/mysql-connector-java/6.0.6/mysql-connector-java-6.0.6.jar
2017-04-08 12:43:54,435 [Worker-21] WARN  o.e.m.c.i.embedder.EclipseLogger - Using platform encoding (Cp1252 actually) to copy filtered resources, i.e. build is platform dependent!
2017-04-08 12:43:54,445 [Worker-21] INFO  o.e.m.c.i.embedder.EclipseLogger - Copying 1 resource
2017-04-08 12:43:54,460 [Worker-21] WARN  o.e.m.c.i.embedder.EclipseLogger - Using platform encoding (Cp1252 actually) to copy filtered resources, i.e. build is platform dependent!
2017-04-08 12:43:54,462 [Worker-21] INFO  o.e.m.c.i.embedder.EclipseLogger - skip non existing resourceDirectory E:\Download\Sem II\TP - Tehnici de programare fundamentale\utcn_dsrl-pt-layered-architecture-fa3f32f80f9b\src\test\resources
2017-04-08 12:43:54,697 [Worker-0] INFO  o.e.m.j.i.AbstractJavaProjectConfigurator - Adding source folder /utcn_dsrl-pt-layered-architecture-fa3f32f80f9b/src/main/java
2017-04-08 12:43:54,698 [Worker-0] INFO  o.e.m.j.i.AbstractJavaProjectConfigurator - Adding resource folder /utcn_dsrl-pt-layered-architecture-fa3f32f80f9b/src/main/resources
2017-04-08 12:43:54,708 [Worker-0] INFO  o.e.m.j.i.AbstractJavaProjectConfigurator - Adding source folder /utcn_dsrl-pt-layered-architecture-fa3f32f80f9b/src/test/java
2017-04-08 12:43:54,999 [Worker-0] INFO  o.e.m.c.i.p.ProjectConfigurationManager - Update completed: 16 sec
2017-04-08 12:43:55,838 [Worker-0] WARN  o.e.m.c.i.embedder.EclipseLogger - Using platform encoding (Cp1252 actually) to copy filtered resources, i.e. build is platform dependent!
2017-04-08 12:43:55,849 [Worker-0] INFO  o.e.m.c.i.embedder.EclipseLogger - Copying 1 resource
2017-04-08 12:43:55,860 [Worker-0] WARN  o.e.m.c.i.embedder.EclipseLogger - Using platform encoding (Cp1252 actually) to copy filtered resources, i.e. build is platform dependent!
2017-04-08 12:43:55,862 [Worker-0] INFO  o.e.m.c.i.embedder.EclipseLogger - skip non existing resourceDirectory E:\Download\Sem II\TP - Tehnici de programare fundamentale\utcn_dsrl-pt-layered-architecture-fa3f32f80f9b\src\test\resources
2017-04-11 18:08:03,889 [Worker-0] INFO  c.g.t.t.d.PublishedGradleVersions - Gradle version information cache is out-of-date. Trying to update.
2017-04-11 18:08:24,384 [Worker-13] WARN  o.e.m.c.i.embedder.EclipseLogger - Using platform encoding (Cp1252 actually) to copy filtered resources, i.e. build is platform dependent!
2017-04-11 18:08:24,395 [Worker-13] INFO  o.e.m.c.i.embedder.EclipseLogger - Copying 1 resource
2017-04-11 18:08:24,441 [Worker-13] WARN  o.e.m.c.i.embedder.EclipseLogger - Using platform encoding (Cp1252 actually) to copy filtered resources, i.e. build is platform dependent!
2017-04-11 18:08:24,444 [Worker-13] INFO  o.e.m.c.i.embedder.EclipseLogger - skip non existing resourceDirectory E:\Download\Sem II\TP - Tehnici de programare fundamentale\utcn_dsrl-pt-layered-architecture-fa3f32f80f9b\src\test\resources
2017-04-11 18:38:14,633 [Worker-26] INFO  o.e.m.c.i.e.AbstractTransferListenerAdapter - Downloading https://repo.maven.apache.org/maven2/mysql/mysql-connector-java/6.0.6/mysql-connector-java-6.0.6-sources.jar
2017-04-11 18:38:15,324 [Worker-26] INFO  o.e.m.c.i.e.AbstractTransferListenerAdapter - Downloaded https://repo.maven.apache.org/maven2/mysql/mysql-connector-java/6.0.6/mysql-connector-java-6.0.6-sources.jar
2017-04-11 18:38:15,924 [Worker-26] INFO  o.e.m.j.internal.DownloadSourcesJob - Downloaded sources for mysql:mysql-connector-java:6.0.6
2017-04-11 18:38:16,221 [Worker-28] WARN  o.e.m.c.i.embedder.EclipseLogger - Using platform encoding (Cp1252 actually) to copy filtered resources, i.e. build is platform dependent!
2017-04-11 18:38:16,315 [Worker-28] INFO  o.e.m.c.i.embedder.EclipseLogger - Copying 0 resource
2017-04-11 18:38:16,317 [Worker-28] WARN  o.e.m.c.i.embedder.EclipseLogger - Using platform encoding (Cp1252 actually) to copy filtered resources, i.e. build is platform dependent!
2017-04-11 18:38:16,319 [Worker-28] INFO  o.e.m.c.i.embedder.EclipseLogger - skip non existing resourceDirectory E:\Download\Sem II\TP - Tehnici de programare fundamentale\utcn_dsrl-pt-layered-architecture-fa3f32f80f9b\src\test\resources
2017-04-11 18:40:17,198 [Worker-23] WARN  o.e.m.c.i.embedder.EclipseLogger - Using platform encoding (Cp1252 actually) to copy filtered resources, i.e. build is platform dependent!
2017-04-11 18:40:17,206 [Worker-23] INFO  o.e.m.c.i.embedder.EclipseLogger - Copying 1 resource
2017-04-11 18:40:17,209 [Worker-23] WARN  o.e.m.c.i.embedder.EclipseLogger - Using platform encoding (Cp1252 actually) to copy filtered resources, i.e. build is platform dependent!
2017-04-11 18:40:17,210 [Worker-23] INFO  o.e.m.c.i.embedder.EclipseLogger - skip non existing resourceDirectory E:\Download\Sem II\TP - Tehnici de programare fundamentale\utcn_dsrl-pt-layered-architecture-fa3f32f80f9b\src\test\resources
2017-04-12 14:27:00,981 [Worker-2] INFO  c.g.t.t.d.PublishedGradleVersions - Gradle version information cache is up-to-date. Trying to read.
2017-04-12 14:27:21,018 [Worker-0] WARN  o.e.m.c.i.embedder.EclipseLogger - Using platform encoding (Cp1252 actually) to copy filtered resources, i.e. build is platform dependent!
2017-04-12 14:27:21,031 [Worker-0] INFO  o.e.m.c.i.embedder.EclipseLogger - Copying 1 resource
2017-04-12 14:27:21,044 [Worker-0] WARN  o.e.m.c.i.embedder.EclipseLogger - Using platform encoding (Cp1252 actually) to copy filtered resources, i.e. build is platform dependent!
2017-04-12 14:27:21,046 [Worker-0] INFO  o.e.m.c.i.embedder.EclipseLogger - skip non existing resourceDirectory E:\Download\Sem II\TP - Tehnici de programare fundamentale\utcn_dsrl-pt-layered-architecture-fa3f32f80f9b\src\test\resources
2017-04-12 20:18:36,074 [Worker-2] INFO  c.g.t.t.d.PublishedGradleVersions - Gradle version information cache is out-of-date. Trying to update.
2017-04-12 20:18:42,127 [Worker-2] INFO  c.g.t.t.d.PublishedGradleVersions - Updating Gradle version information cache failed. Using outdated cache.
2017-04-12 20:18:57,216 [Worker-4] WARN  o.e.m.c.i.embedder.EclipseLogger - Using platform encoding (Cp1252 actually) to copy filtered resources, i.e. build is platform dependent!
2017-04-12 20:18:57,266 [Worker-4] INFO  o.e.m.c.i.embedder.EclipseLogger - Copying 1 resource
2017-04-12 20:18:57,306 [Worker-4] WARN  o.e.m.c.i.embedder.EclipseLogger - Using platform encoding (Cp1252 actually) to copy filtered resources, i.e. build is platform dependent!
2017-04-12 20:18:57,307 [Worker-4] INFO  o.e.m.c.i.embedder.EclipseLogger - skip non existing resourceDirectory E:\Download\Sem II\TP - Tehnici de programare fundamentale\utcn_dsrl-pt-layered-architecture-fa3f32f80f9b\src\test\resources
2017-04-12 21:49:55,518 [Worker-1] INFO  c.g.t.t.d.PublishedGradleVersions - Gradle version information cache is out-of-date. Trying to update.
2017-04-15 11:35:12,514 [Worker-2] INFO  c.g.t.t.d.PublishedGradleVersions - Gradle version information cache is out-of-date. Trying to update.
2017-04-16 10:30:48,131 [Worker-1] INFO  c.g.t.t.d.PublishedGradleVersions - Gradle version information cache is up-to-date. Trying to read.
2017-04-16 10:44:39,294 [Worker-0] INFO  c.g.t.t.d.PublishedGradleVersions - Gradle version information cache is up-to-date. Trying to read.
2017-04-16 10:52:07,589 [Worker-15] WARN  o.e.m.c.i.embedder.EclipseLogger - Using platform encoding (Cp1252 actually) to copy filtered resources, i.e. build is platform dependent!
2017-04-16 10:52:07,598 [Worker-15] INFO  o.e.m.c.i.embedder.EclipseLogger - Copying 1 resource
2017-04-16 10:52:07,733 [Worker-15] WARN  o.e.m.c.i.embedder.EclipseLogger - Using platform encoding (Cp1252 actually) to copy filtered resources, i.e. build is platform dependent!
2017-04-16 10:52:07,735 [Worker-15] INFO  o.e.m.c.i.embedder.EclipseLogger - skip non existing resourceDirectory E:\Download\Sem II\TP - Tehnici de programare fundamentale\utcn_dsrl-pt-layered-architecture-fa3f32f80f9b\src\test\resources
2017-04-16 19:27:01,978 [Worker-3] INFO  c.g.t.t.d.PublishedGradleVersions - Gradle version information cache is out-of-date. Trying to update.
2017-04-16 19:27:09,687 [Worker-4] WARN  o.e.m.c.i.embedder.EclipseLogger - Using platform encoding (Cp1252 actually) to copy filtered resources, i.e. build is platform dependent!
2017-04-16 19:27:09,699 [Worker-4] INFO  o.e.m.c.i.embedder.EclipseLogger - Copying 1 resource
2017-04-16 19:27:09,790 [Worker-4] WARN  o.e.m.c.i.embedder.EclipseLogger - Using platform encoding (Cp1252 actually) to copy filtered resources, i.e. build is platform dependent!
2017-04-16 19:27:09,792 [Worker-4] INFO  o.e.m.c.i.embedder.EclipseLogger - skip non existing resourceDirectory E:\Download\Sem II\TP - Tehnici de programare fundamentale\utcn_dsrl-pt-layered-architecture-fa3f32f80f9b\src\test\resources
2017-04-16 19:35:58,698 [Worker-0] INFO  c.g.t.t.d.PublishedGradleVersions - Gradle version information cache is up-to-date. Trying to read.
2017-04-16 23:07:25,113 [Worker-1] INFO  c.g.t.t.d.PublishedGradleVersions - Gradle version information cache is up-to-date. Trying to read.
2017-04-16 23:07:41,739 [Worker-6] WARN  o.e.m.c.i.embedder.EclipseLogger - Using platform encoding (Cp1252 actually) to copy filtered resources, i.e. build is platform dependent!
2017-04-16 23:07:41,755 [Worker-6] INFO  o.e.m.c.i.embedder.EclipseLogger - Copying 1 resource
2017-04-16 23:07:41,770 [Worker-6] WARN  o.e.m.c.i.embedder.EclipseLogger - Using platform encoding (Cp1252 actually) to copy filtered resources, i.e. build is platform dependent!
2017-04-16 23:07:41,770 [Worker-6] INFO  o.e.m.c.i.embedder.EclipseLogger - skip non existing resourceDirectory E:\Download\Sem II\TP - Tehnici de programare fundamentale\utcn_dsrl-pt-layered-architecture-fa3f32f80f9b\src\test\resources
2017-04-17 09:50:10,869 [Worker-1] INFO  c.g.t.t.d.PublishedGradleVersions - Gradle version information cache is up-to-date. Trying to read.
2017-04-17 12:59:46,750 [Worker-2] INFO  c.g.t.t.d.PublishedGradleVersions - Gradle version information cache is up-to-date. Trying to read.
2017-04-17 21:38:19,482 [Worker-5] INFO  c.g.t.t.d.PublishedGradleVersions - Gradle version information cache is out-of-date. Trying to update.
2017-04-17 21:51:50,503 [Worker-0] INFO  c.g.t.t.d.PublishedGradleVersions - Gradle version information cache is up-to-date. Trying to read.
2017-04-17 22:04:30,523 [Worker-0] INFO  c.g.t.t.d.PublishedGradleVersions - Gradle version information cache is up-to-date. Trying to read.
2017-04-17 22:32:35,241 [Worker-4] INFO  c.g.t.t.d.PublishedGradleVersions - Gradle version information cache is up-to-date. Trying to read.
2017-04-17 22:40:06,098 [Worker-2] INFO  c.g.t.t.d.PublishedGradleVersions - Gradle version information cache is up-to-date. Trying to read.
2017-04-17 22:52:48,082 [Worker-1] INFO  c.g.t.t.d.PublishedGradleVersions - Gradle version information cache is up-to-date. Trying to read.
2017-04-18 10:29:00,145 [Worker-0] INFO  c.g.t.t.d.PublishedGradleVersions - Gradle version information cache is up-to-date. Trying to read.
2017-04-18 17:18:58,857 [Worker-1] INFO  c.g.t.t.d.PublishedGradleVersions - Gradle version information cache is up-to-date. Trying to read.
2017-04-18 22:08:38,754 [Worker-1] INFO  c.g.t.t.d.PublishedGradleVersions - Gradle version information cache is out-of-date. Trying to update.
2017-04-19 07:01:47,967 [Worker-0] INFO  c.g.t.t.d.PublishedGradleVersions - Gradle version information cache is up-to-date. Trying to read.
2017-04-19 07:02:07,604 [Worker-15] WARN  o.e.m.c.i.embedder.EclipseLogger - Using platform encoding (Cp1252 actually) to copy filtered resources, i.e. build is platform dependent!
2017-04-19 07:02:07,623 [Worker-15] INFO  o.e.m.c.i.embedder.EclipseLogger - Copying 1 resource
2017-04-19 07:02:07,656 [Worker-15] WARN  o.e.m.c.i.embedder.EclipseLogger - Using platform encoding (Cp1252 actually) to copy filtered resources, i.e. build is platform dependent!
2017-04-19 07:02:07,659 [Worker-15] INFO  o.e.m.c.i.embedder.EclipseLogger - skip non existing resourceDirectory E:\Download\Sem II\TP - Tehnici de programare fundamentale\utcn_dsrl-pt-layered-architecture-fa3f32f80f9b\src\test\resources
2017-04-19 11:51:57,992 [Worker-2] INFO  c.g.t.t.d.PublishedGradleVersions - Gradle version information cache is up-to-date. Trying to read.
2017-04-23 17:44:08,829 [Worker-1] INFO  c.g.t.t.d.PublishedGradleVersions - Gradle version information cache is out-of-date. Trying to update.
2017-04-23 17:44:34,195 [Worker-18] WARN  o.e.m.c.i.embedder.EclipseLogger - Using platform encoding (Cp1252 actually) to copy filtered resources, i.e. build is platform dependent!
2017-04-23 17:44:34,205 [Worker-18] INFO  o.e.m.c.i.embedder.EclipseLogger - Copying 1 resource
2017-04-23 17:44:34,243 [Worker-18] WARN  o.e.m.c.i.embedder.EclipseLogger - Using platform encoding (Cp1252 actually) to copy filtered resources, i.e. build is platform dependent!
2017-04-23 17:44:34,244 [Worker-18] INFO  o.e.m.c.i.embedder.EclipseLogger - skip non existing resourceDirectory E:\Download\Sem II\TP - Tehnici de programare fundamentale\utcn_dsrl-pt-layered-architecture-fa3f32f80f9b\src\test\resources
2017-04-25 17:34:09,977 [Worker-2] INFO  c.g.t.t.d.PublishedGradleVersions - Gradle version information cache is out-of-date. Trying to update.
2017-04-25 17:34:34,437 [Worker-4] WARN  o.e.m.c.i.embedder.EclipseLogger - Using platform encoding (Cp1252 actually) to copy filtered resources, i.e. build is platform dependent!
2017-04-25 17:34:34,446 [Worker-4] INFO  o.e.m.c.i.embedder.EclipseLogger - Copying 1 resource
2017-04-25 17:34:34,505 [Worker-4] WARN  o.e.m.c.i.embedder.EclipseLogger - Using platform encoding (Cp1252 actually) to copy filtered resources, i.e. build is platform dependent!
2017-04-25 17:34:34,508 [Worker-4] INFO  o.e.m.c.i.embedder.EclipseLogger - skip non existing resourceDirectory E:\Download\Sem II\TP - Tehnici de programare fundamentale\utcn_dsrl-pt-layered-architecture-fa3f32f80f9b\src\test\resources
2017-04-25 18:17:22,005 [Worker-1] INFO  c.g.t.t.d.PublishedGradleVersions - Gradle version information cache is up-to-date. Trying to read.
2017-04-26 09:12:27,616 [Worker-0] INFO  c.g.t.t.d.PublishedGradleVersions - Gradle version information cache is up-to-date. Trying to read.
2017-04-26 10:31:59,997 [Worker-2] INFO  c.g.t.t.d.PublishedGradleVersions - Gradle version information cache is up-to-date. Trying to read.
2017-04-26 10:32:19,735 [Worker-10] WARN  o.e.m.c.i.embedder.EclipseLogger - Using platform encoding (Cp1252 actually) to copy filtered resources, i.e. build is platform dependent!
2017-04-26 10:32:19,746 [Worker-10] INFO  o.e.m.c.i.embedder.EclipseLogger - Copying 1 resource
2017-04-26 10:32:19,782 [Worker-10] WARN  o.e.m.c.i.embedder.EclipseLogger - Using platform encoding (Cp1252 actually) to copy filtered resources, i.e. build is platform dependent!
2017-04-26 10:32:19,783 [Worker-10] INFO  o.e.m.c.i.embedder.EclipseLogger - skip non existing resourceDirectory E:\Download\Sem II\TP - Tehnici de programare fundamentale\utcn_dsrl-pt-layered-architecture-fa3f32f80f9b\src\test\resources
2017-04-26 10:41:19,190 [Worker-1] INFO  c.g.t.t.d.PublishedGradleVersions - Gradle version information cache is up-to-date. Trying to read.
2017-04-26 11:24:04,226 [Worker-30] WARN  o.e.m.c.i.embedder.EclipseLogger - Using platform encoding (Cp1252 actually) to copy filtered resources, i.e. build is platform dependent!
2017-04-26 11:24:04,234 [Worker-30] INFO  o.e.m.c.i.embedder.EclipseLogger - Copying 1 resource
2017-04-26 11:24:04,262 [Worker-30] WARN  o.e.m.c.i.embedder.EclipseLogger - Using platform encoding (Cp1252 actually) to copy filtered resources, i.e. build is platform dependent!
2017-04-26 11:24:04,264 [Worker-30] INFO  o.e.m.c.i.embedder.EclipseLogger - skip non existing resourceDirectory E:\Download\Sem II\TP - Tehnici de programare fundamentale\utcn_dsrl-pt-layered-architecture-fa3f32f80f9b\src\test\resources
2017-04-26 14:04:25,929 [Worker-1] INFO  c.g.t.t.d.PublishedGradleVersions - Gradle version information cache is up-to-date. Trying to read.
2017-04-29 17:05:06,410 [Worker-0] INFO  c.g.t.t.d.PublishedGradleVersions - Gradle version information cache is out-of-date. Trying to update.
2017-04-29 17:05:45,042 [Worker-15] WARN  o.e.m.c.i.embedder.EclipseLogger - Using platform encoding (Cp1252 actually) to copy filtered resources, i.e. build is platform dependent!
2017-04-29 17:05:45,059 [Worker-15] INFO  o.e.m.c.i.embedder.EclipseLogger - Copying 1 resource
2017-04-29 17:05:45,195 [Worker-15] WARN  o.e.m.c.i.embedder.EclipseLogger - Using platform encoding (Cp1252 actually) to copy filtered resources, i.e. build is platform dependent!
2017-04-29 17:05:45,196 [Worker-15] INFO  o.e.m.c.i.embedder.EclipseLogger - skip non existing resourceDirectory E:\Download\Sem II\TP - Tehnici de programare fundamentale\utcn_dsrl-pt-layered-architecture-fa3f32f80f9b\src\test\resources
2017-04-30 21:08:27,967 [Worker-2] INFO  c.g.t.t.d.PublishedGradleVersions - Gradle version information cache is out-of-date. Trying to update.
2017-05-01 21:49:24,252 [Worker-1] INFO  c.g.t.t.d.PublishedGradleVersions - Gradle version information cache is out-of-date. Trying to update.
2017-05-02 17:55:08,191 [Worker-1] INFO  c.g.t.t.d.PublishedGradleVersions - Gradle version information cache is up-to-date. Trying to read.
2017-05-02 17:55:37,596 [Worker-6] WARN  o.e.m.c.i.embedder.EclipseLogger - Using platform encoding (Cp1252 actually) to copy filtered resources, i.e. build is platform dependent!
2017-05-02 17:55:37,608 [Worker-6] INFO  o.e.m.c.i.embedder.EclipseLogger - Copying 1 resource
2017-05-02 17:55:37,704 [Worker-6] WARN  o.e.m.c.i.embedder.EclipseLogger - Using platform encoding (Cp1252 actually) to copy filtered resources, i.e. build is platform dependent!
2017-05-02 17:55:37,705 [Worker-6] INFO  o.e.m.c.i.embedder.EclipseLogger - skip non existing resourceDirectory E:\Download\Sem II\TP - Tehnici de programare fundamentale\utcn_dsrl-pt-layered-architecture-fa3f32f80f9b\src\test\resources
2017-06-02 12:56:50,338 [Worker-1] INFO  c.g.t.t.d.PublishedGradleVersions - Gradle version information cache is out-of-date. Trying to update.
